Determining if the pthread_create exist failed with the following output:
Change Dir: /home/watson/C++/git_c-/linkLIst/cmake-build-debug/CMakeFiles/CMakeTmp

Run Build Command:"/usr/bin/make" "cmTC_ed4a3/fast"
/usr/bin/make -f CMakeFiles/cmTC_ed4a3.dir/build.make CMakeFiles/cmTC_ed4a3.dir/build
make[1]: Entering directory '/home/watson/C++/git_c-/linkLIst/cmake-build-debug/CMakeFiles/CMakeTmp'
Building C object CMakeFiles/cmTC_ed4a3.dir/CheckSymbolExists.c.o
/usr/bin/cc    -o CMakeFiles/cmTC_ed4a3.dir/CheckSymbolExists.c.o   -c /home/watson/C++/git_c-/linkLIst/cmake-build-debug/CMakeFiles/CMakeTmp/CheckSymbolExists.c
Linking C executable cmTC_ed4a3
/home/watson/App/clion-2017.1.3/bin/cmake/bin/cmake -E cmake_link_script CMakeFiles/cmTC_ed4a3.dir/link.txt --verbose=1
/usr/bin/cc      CMakeFiles/cmTC_ed4a3.dir/CheckSymbolExists.c.o  -o cmTC_ed4a3 
CMakeFiles/cmTC_ed4a3.dir/CheckSymbolExists.c.o：在函数‘main’中：
CheckSymbolExists.c:(.text+0x16)：对‘pthread_create’未定义的引用
collect2: error: ld returned 1 exit status
CMakeFiles/cmTC_ed4a3.dir/build.make:97: recipe for target 'cmTC_ed4a3' failed
make[1]: *** [cmTC_ed4a3] Error 1
make[1]: Leaving directory '/home/watson/C++/git_c-/linkLIst/cmake-build-debug/CMakeFiles/CMakeTmp'
Makefile:126: recipe for target 'cmTC_ed4a3/fast' failed
make: *** [cmTC_ed4a3/fast] Error 2

File /home/watson/C++/git_c-/linkLIst/cmake-build-debug/CMakeFiles/CMakeTmp/CheckSymbolExists.c:
/* */
#include <pthread.h>

int main(int argc, char** argv)
{
  (void)argv;
#ifndef pthread_create
  return ((int*)(&pthread_create))[argc];
#else
  (void)argc;
  return 0;
#endif
}

Determining if the function pthread_create exists in the pthreads failed with the following output:
Change Dir: /home/watson/C++/git_c-/linkLIst/cmake-build-debug/CMakeFiles/CMakeTmp

Run Build Command:"/usr/bin/make" "cmTC_8f272/fast"
/usr/bin/make -f CMakeFiles/cmTC_8f272.dir/build.make CMakeFiles/cmTC_8f272.dir/build
make[1]: Entering directory '/home/watson/C++/git_c-/linkLIst/cmake-build-debug/CMakeFiles/CMakeTmp'
Building C object CMakeFiles/cmTC_8f272.dir/CheckFunctionExists.c.o
/usr/bin/cc   -DCHECK_FUNCTION_EXISTS=pthread_create   -o CMakeFiles/cmTC_8f272.dir/CheckFunctionExists.c.o   -c /home/watson/App/clion-2017.1.3/bin/cmake/share/cmake-3.8/Modules/CheckFunctionExists.c
Linking C executable cmTC_8f272
/home/watson/App/clion-2017.1.3/bin/cmake/bin/cmake -E cmake_link_script CMakeFiles/cmTC_8f272.dir/link.txt --verbose=1
/usr/bin/cc  -DCHECK_FUNCTION_EXISTS=pthread_create    CMakeFiles/cmTC_8f272.dir/CheckFunctionExists.c.o  -o cmTC_8f272 -lpthreads 
/usr/bin/ld: 找不到 -lpthreads
collect2: error: ld returned 1 exit status
CMakeFiles/cmTC_8f272.dir/build.make:97: recipe for target 'cmTC_8f272' failed
make[1]: *** [cmTC_8f272] Error 1
make[1]: Leaving directory '/home/watson/C++/git_c-/linkLIst/cmake-build-debug/CMakeFiles/CMakeTmp'
Makefile:126: recipe for target 'cmTC_8f272/fast' failed
make: *** [cmTC_8f272/fast] Error 2


