Determining if the pthread_create exist failed with the following output:
Change Dir: /home/watson/C++/Phonome/Benchmark(compress)/cmake-build-release/CMakeFiles/CMakeTmp

Run Build Command:"/usr/bin/make" "cmTC_7405c/fast"
/usr/bin/make -f CMakeFiles/cmTC_7405c.dir/build.make CMakeFiles/cmTC_7405c.dir/build
make[1]: Entering directory '/home/watson/C++/Phonome/Benchmark(compress)/cmake-build-release/CMakeFiles/CMakeTmp'
Building C object CMakeFiles/cmTC_7405c.dir/CheckSymbolExists.c.o
/usr/bin/cc    -o CMakeFiles/cmTC_7405c.dir/CheckSymbolExists.c.o   -c "/home/watson/C++/Phonome/Benchmark(compress)/cmake-build-release/CMakeFiles/CMakeTmp/CheckSymbolExists.c"
Linking C executable cmTC_7405c
/home/watson/App/clion-2017.1.3/bin/cmake/bin/cmake -E cmake_link_script CMakeFiles/cmTC_7405c.dir/link.txt --verbose=1
/usr/bin/cc      CMakeFiles/cmTC_7405c.dir/CheckSymbolExists.c.o  -o cmTC_7405c 
CMakeFiles/cmTC_7405c.dir/CheckSymbolExists.c.o：在函数‘main’中：
CheckSymbolExists.c:(.text+0x16)：对‘pthread_create’未定义的引用
collect2: error: ld returned 1 exit status
CMakeFiles/cmTC_7405c.dir/build.make:97: recipe for target 'cmTC_7405c' failed
make[1]: *** [cmTC_7405c] Error 1
make[1]: Leaving directory '/home/watson/C++/Phonome/Benchmark(compress)/cmake-build-release/CMakeFiles/CMakeTmp'
Makefile:126: recipe for target 'cmTC_7405c/fast' failed
make: *** [cmTC_7405c/fast] Error 2

File /home/watson/C++/Phonome/Benchmark(compress)/cmake-build-release/CMakeFiles/CMakeTmp/CheckSymbolExists.c:
/* */
#include <pthread.h>

int main(int argc, char** argv)
{
  (void)argv;
#ifndef pthread_create
  return ((int*)(&pthread_create))[argc];
#else
  (void)argc;
  return 0;
#endif
}

Determining if the function pthread_create exists in the pthreads failed with the following output:
Change Dir: /home/watson/C++/Phonome/Benchmark(compress)/cmake-build-release/CMakeFiles/CMakeTmp

Run Build Command:"/usr/bin/make" "cmTC_c5edb/fast"
/usr/bin/make -f CMakeFiles/cmTC_c5edb.dir/build.make CMakeFiles/cmTC_c5edb.dir/build
make[1]: Entering directory '/home/watson/C++/Phonome/Benchmark(compress)/cmake-build-release/CMakeFiles/CMakeTmp'
Building C object CMakeFiles/cmTC_c5edb.dir/CheckFunctionExists.c.o
/usr/bin/cc   -DCHECK_FUNCTION_EXISTS=pthread_create   -o CMakeFiles/cmTC_c5edb.dir/CheckFunctionExists.c.o   -c /home/watson/App/clion-2017.1.3/bin/cmake/share/cmake-3.8/Modules/CheckFunctionExists.c
Linking C executable cmTC_c5edb
/home/watson/App/clion-2017.1.3/bin/cmake/bin/cmake -E cmake_link_script CMakeFiles/cmTC_c5edb.dir/link.txt --verbose=1
/usr/bin/cc  -DCHECK_FUNCTION_EXISTS=pthread_create    CMakeFiles/cmTC_c5edb.dir/CheckFunctionExists.c.o  -o cmTC_c5edb -lpthreads 
/usr/bin/ld: 找不到 -lpthreads
collect2: error: ld returned 1 exit status
CMakeFiles/cmTC_c5edb.dir/build.make:97: recipe for target 'cmTC_c5edb' failed
make[1]: *** [cmTC_c5edb] Error 1
make[1]: Leaving directory '/home/watson/C++/Phonome/Benchmark(compress)/cmake-build-release/CMakeFiles/CMakeTmp'
Makefile:126: recipe for target 'cmTC_c5edb/fast' failed
make: *** [cmTC_c5edb/fast] Error 2


